<?xml version="1.0" encoding="UTF-8"?>
<!-- Generated by org.testng.reporters.JUnitReportReporter -->
<testsuite hostname="LAPTOP-04ECVRH3" failures="0" tests="1" name="com.WebAutomation.TestScripts.LoginTest" time="32.136" errors="0" timestamp="2024-08-18T16:41:25 IST" skipped="0">
  <testcase classname="com.WebAutomation.TestScripts.LoginTest" name="loginTest" time="32.136"/>
  <system-out/>
</testsuite> <!-- com.WebAutomation.TestScripts.LoginTest -->
